# JRE version: OpenJDK Runtime Environment Temurin-23.0.1+11 (23.0.1+11) (build 23.0.1+11)
# Java VM: OpenJDK 64-Bit Server VM Temurin-23.0.1+11 (23.0.1+11, mixed mode, sharing, tiered, compressed oops, compressed class ptrs, g1 gc, windows-amd64)
GC Precious Log:
 CardTable entry size: 512
 Card Set container configuration: InlinePtr #cards 4 size 8 Array Of Cards #cards 16 size 48 Howl #buckets 8 coarsen threshold 3686 Howl Bitmap #cards 512 size 80 coarsen threshold 460 Card regions per heap region 1 cards per card region 4096
 CPUs: 4 total, 4 available
 Memory: 16284M
 Large Page Support: Disabled
 NUMA Support: Disabled
 Compressed Oops: Enabled (Zero based)
 Heap Region Size: 2M
 Heap Min Capacity: 8M
 Heap Initial Capacity: 256M
 Heap Max Capacity: 4072M
 Pre-touch: Disabled
 Parallel Workers: 4
 Concurrent Workers: 1
 Concurrent Refinement Workers: 4
 Periodic GC: Disabled
Heap:
 garbage-first heap   total reserved 4169728K, committed 1017856K, used 289374K [0x0000000701800000, 0x0000000800000000)
  region size 2048K, 7 young (14336K), 7 survivors (14336K)
 Metaspace       used 21190K, committed 21504K, reserved 1114112K
  class space    used 2414K, committed 2560K, reserved 1048576K
GC Heap History (20 events):
Event: 3.524 GC heap after
{Heap after GC invocations=6 (full 0):
 garbage-first heap   total reserved 4169728K, committed 262144K, used 51621K [0x0000000701800000, 0x0000000800000000)
  region size 2048K, 5 young (10240K), 5 survivors (10240K)
 Metaspace       used 19449K, committed 19712K, reserved 1114112K
  class space    used 2224K, committed 2304K, reserved 1048576K
}
Event: 3.568 GC heap before
{Heap before GC invocations=6 (full 0):
 garbage-first heap   total reserved 4169728K, committed 262144K, used 53669K [0x0000000701800000, 0x0000000800000000)
  region size 2048K, 6 young (12288K), 5 survivors (10240K)
 Metaspace       used 19449K, committed 19712K, reserved 1114112K
  class space    used 2224K, committed 2304K, reserved 1048576K
}
Event: 3.582 GC heap after
{Heap after GC invocations=7 (full 0):
 garbage-first heap   total reserved 4169728K, committed 262144K, used 55416K [0x0000000701800000, 0x0000000800000000)
  region size 2048K, 1 young (2048K), 1 survivors (2048K)
 Metaspace       used 19449K, committed 19712K, reserved 1114112K
  class space    used 2224K, committed 2304K, reserved 1048576K
}
Event: 5.212 GC heap before
{Heap before GC invocations=7 (full 0):
 garbage-first heap   total reserved 4169728K, committed 262144K, used 141432K [0x0000000701800000, 0x0000000800000000)
  region size 2048K, 44 young (90112K), 1 survivors (2048K)
 Metaspace       used 19694K, committed 19968K, reserved 1114112K
  class space    used 2241K, committed 2368K, reserved 1048576K
}
Event: 5.251 GC heap after
{Heap after GC invocations=8 (full 0):
 garbage-first heap   total reserved 4169728K, committed 485376K, used 98287K [0x0000000701800000, 0x0000000800000000)
  region size 2048K, 6 young (12288K), 6 survivors (12288K)
 Metaspace       used 19694K, committed 19968K, reserved 1114112K
  class space    used 2241K, committed 2368K, reserved 1048576K
}
Event: 5.324 GC heap before
{Heap before GC invocations=8 (full 0):
 garbage-first heap   total reserved 4169728K, committed 485376K, used 108527K [0x0000000701800000, 0x0000000800000000)
  region size 2048K, 11 young (22528K), 6 survivors (12288K)
 Metaspace       used 19694K, committed 19968K, reserved 1114112K
  class space    used 2241K, committed 2368K, reserved 1048576K
}
Event: 5.347 GC heap after
{Heap after GC invocations=9 (full 0):
 garbage-first heap   total reserved 4169728K, committed 485376K, used 108544K [0x0000000701800000, 0x0000000800000000)
  region size 2048K, 2 young (4096K), 2 survivors (4096K)
 Metaspace       used 19694K, committed 19968K, reserved 1114112K
  class space    used 2241K, committed 2368K, reserved 1048576K
}
Event: 5.981 GC heap before
{Heap before GC invocations=9 (full 0):
 garbage-first heap   total reserved 4169728K, committed 485376K, used 198656K [0x0000000701800000, 0x0000000800000000)
  region size 2048K, 46 young (94208K), 2 survivors (4096K)
 Metaspace       used 19694K, committed 19968K, reserved 1114112K
  class space    used 2241K, committed 2368K, reserved 1048576K
}
Event: 6.035 GC heap after
{Heap after GC invocations=10 (full 0):
 garbage-first heap   total reserved 4169728K, committed 485376K, used 180224K [0x0000000701800000, 0x0000000800000000)
  region size 2048K, 6 young (12288K), 6 survivors (12288K)
 Metaspace       used 19694K, committed 19968K, reserved 1114112K
  class space    used 2241K, committed 2368K, reserved 1048576K
}
Event: 6.088 GC heap before
{Heap before GC invocations=10 (full 0):
 garbage-first heap   total reserved 4169728K, committed 485376K, used 192512K [0x0000000701800000, 0x0000000800000000)
  region size 2048K, 12 young (24576K), 6 survivors (12288K)
 Metaspace       used 19694K, committed 19968K, reserved 1114112K
  class space    used 2241K, committed 2368K, reserved 1048576K
}
Event: 6.107 GC heap after
{Heap after GC invocations=11 (full 0):
 garbage-first heap   total reserved 4169728K, committed 485376K, used 192512K [0x0000000701800000, 0x0000000800000000)
  region size 2048K, 2 young (4096K), 2 survivors (4096K)
 Metaspace       used 19694K, committed 19968K, reserved 1114112K
  class space    used 2241K, committed 2368K, reserved 1048576K
}
Event: 6.568 GC heap before
{Heap before GC invocations=11 (full 0):
 garbage-first heap   total reserved 4169728K, committed 485376K, used 266240K [0x0000000701800000, 0x0000000800000000)
  region size 2048K, 38 young (77824K), 2 survivors (4096K)
 Metaspace       used 19694K, committed 19968K, reserved 1114112K
  class space    used 2241K, committed 2368K, reserved 1048576K
}
Event: 6.608 GC heap after
{Heap after GC invocations=12 (full 0):
 garbage-first heap   total reserved 4169728K, committed 1017856K, used 240640K [0x0000000701800000, 0x0000000800000000)
  region size 2048K, 5 young (10240K), 5 survivors (10240K)
 Metaspace       used 19694K, committed 19968K, reserved 1114112K
  class space    used 2241K, committed 2368K, reserved 1048576K
}
Event: 6.723 GC heap before
{Heap before GC invocations=12 (full 0):
 garbage-first heap   total reserved 4169728K, committed 1017856K, used 279552K [0x0000000701800000, 0x0000000800000000)
  region size 2048K, 24 young (49152K), 5 survivors (10240K)
 Metaspace       used 19694K, committed 19968K, reserved 1114112K
  class space    used 2241K, committed 2368K, reserved 1048576K
}
Event: 6.755 GC heap after
{Heap after GC invocations=13 (full 0):
 garbage-first heap   total reserved 4169728K, committed 1017856K, used 253952K [0x0000000701800000, 0x0000000800000000)
  region size 2048K, 3 young (6144K), 3 survivors (6144K)
 Metaspace       used 19694K, committed 19968K, reserved 1114112K
  class space    used 2241K, committed 2368K, reserved 1048576K
}
Event: 6.912 GC heap before
{Heap before GC invocations=13 (full 0):
 garbage-first heap   total reserved 4169728K, committed 1017856K, used 296960K [0x0000000701800000, 0x0000000800000000)
  region size 2048K, 24 young (49152K), 3 survivors (6144K)
 Metaspace       used 19694K, committed 19968K, reserved 1114112K
  class space    used 2241K, committed 2368K, reserved 1048576K
}
Event: 6.942 GC heap after
{Heap after GC invocations=14 (full 0):
 garbage-first heap   total reserved 4169728K, committed 1017856K, used 267264K [0x0000000701800000, 0x0000000800000000)
  region size 2048K, 3 young (6144K), 3 survivors (6144K)
 Metaspace       used 19694K, committed 19968K, reserved 1114112K
  class space    used 2241K, committed 2368K, reserved 1048576K
}
Event: 7.057 GC heap before
{Heap before GC invocations=14 (full 0):
 garbage-first heap   total reserved 4169728K, committed 1017856K, used 318464K [0x0000000701800000, 0x0000000800000000)
  region size 2048K, 28 young (57344K), 3 survivors (6144K)
 Metaspace       used 19694K, committed 19968K, reserved 1114112K
  class space    used 2241K, committed 2368K, reserved 1048576K
}
Event: 7.096 GC heap after
{Heap after GC invocations=15 (full 0):
 garbage-first heap   total reserved 4169728K, committed 1017856K, used 283347K [0x0000000701800000, 0x0000000800000000)
  region size 2048K, 4 young (8192K), 4 survivors (8192K)
 Metaspace       used 19694K, committed 19968K, reserved 1114112K
  class space    used 2241K, committed 2368K, reserved 1048576K
}
Event: 7.447 GC heap before
{Heap before GC invocations=15 (full 0):
 garbage-first heap   total reserved 4169728K, committed 1017856K, used 297683K [0x0000000701800000, 0x0000000800000000)
  region size 2048K, 12 young (24576K), 4 survivors (8192K)
 Metaspace       used 21190K, committed 21504K, reserved 1114112K
  class space    used 2414K, committed 2560K, reserved 1048576K
}

