# JRE version: OpenJDK Runtime Environment Temurin-23.0.1+11 (23.0.1+11) (build 23.0.1+11)
# Java VM: OpenJDK 64-Bit Server VM Temurin-23.0.1+11 (23.0.1+11, mixed mode, sharing, tiered, compressed oops, compressed class ptrs, g1 gc, windows-amd64)
GC Precious Log:
 CardTable entry size: 512
 Card Set container configuration: InlinePtr #cards 4 size 8 Array Of Cards #cards 16 size 48 Howl #buckets 8 coarsen threshold 3686 Howl Bitmap #cards 512 size 80 coarsen threshold 460 Card regions per heap region 1 cards per card region 4096
 CPUs: 4 total, 4 available
 Memory: 16284M
 Large Page Support: Disabled
 NUMA Support: Disabled
 Compressed Oops: Enabled (Zero based)
 Heap Region Size: 2M
 Heap Min Capacity: 8M
 Heap Initial Capacity: 256M
 Heap Max Capacity: 4072M
 Pre-touch: Disabled
 Parallel Workers: 4
 Concurrent Workers: 1
 Concurrent Refinement Workers: 4
 Periodic GC: Disabled
Heap:
 garbage-first heap   total reserved 4169728K, committed 946176K, used 291840K [0x0000000701800000, 0x0000000800000000)
  region size 2048K, 6 young (12288K), 6 survivors (12288K)
 Metaspace       used 27903K, committed 28224K, reserved 1114112K
  class space    used 3219K, committed 3392K, reserved 1048576K
GC Heap History (20 events):
Event: 3.358 GC heap after
{Heap after GC invocations=6 (full 0):
 garbage-first heap   total reserved 4169728K, committed 262144K, used 50779K [0x0000000701800000, 0x0000000800000000)
  region size 2048K, 5 young (10240K), 5 survivors (10240K)
 Metaspace       used 19411K, committed 19648K, reserved 1114112K
  class space    used 2224K, committed 2304K, reserved 1048576K
}
Event: 3.385 GC heap before
{Heap before GC invocations=6 (full 0):
 garbage-first heap   total reserved 4169728K, committed 262144K, used 52827K [0x0000000701800000, 0x0000000800000000)
  region size 2048K, 6 young (12288K), 5 survivors (10240K)
 Metaspace       used 19412K, committed 19648K, reserved 1114112K
  class space    used 2224K, committed 2304K, reserved 1048576K
}
Event: 3.399 GC heap after
{Heap after GC invocations=7 (full 0):
 garbage-first heap   total reserved 4169728K, committed 315392K, used 54206K [0x0000000701800000, 0x0000000800000000)
  region size 2048K, 1 young (2048K), 1 survivors (2048K)
 Metaspace       used 19412K, committed 19648K, reserved 1114112K
  class space    used 2224K, committed 2304K, reserved 1048576K
}
Event: 4.136 GC heap before
{Heap before GC invocations=7 (full 0):
 garbage-first heap   total reserved 4169728K, committed 315392K, used 136126K [0x0000000701800000, 0x0000000800000000)
  region size 2048K, 42 young (86016K), 1 survivors (2048K)
 Metaspace       used 19629K, committed 19904K, reserved 1114112K
  class space    used 2241K, committed 2368K, reserved 1048576K
}
Event: 4.166 GC heap after
{Heap after GC invocations=8 (full 0):
 garbage-first heap   total reserved 4169728K, committed 315392K, used 92129K [0x0000000701800000, 0x0000000800000000)
  region size 2048K, 6 young (12288K), 6 survivors (12288K)
 Metaspace       used 19629K, committed 19904K, reserved 1114112K
  class space    used 2241K, committed 2368K, reserved 1048576K
}
Event: 4.177 GC heap before
{Heap before GC invocations=8 (full 0):
 garbage-first heap   total reserved 4169728K, committed 315392K, used 94177K [0x0000000701800000, 0x0000000800000000)
  region size 2048K, 7 young (14336K), 6 survivors (12288K)
 Metaspace       used 19629K, committed 19904K, reserved 1114112K
  class space    used 2241K, committed 2368K, reserved 1048576K
}
Event: 4.195 GC heap after
{Heap after GC invocations=9 (full 0):
 garbage-first heap   total reserved 4169728K, committed 315392K, used 95662K [0x0000000701800000, 0x0000000800000000)
  region size 2048K, 1 young (2048K), 1 survivors (2048K)
 Metaspace       used 19629K, committed 19904K, reserved 1114112K
  class space    used 2241K, committed 2368K, reserved 1048576K
}
Event: 4.622 GC heap before
{Heap before GC invocations=9 (full 0):
 garbage-first heap   total reserved 4169728K, committed 315392K, used 202158K [0x0000000701800000, 0x0000000800000000)
  region size 2048K, 53 young (108544K), 1 survivors (2048K)
 Metaspace       used 19629K, committed 19904K, reserved 1114112K
  class space    used 2241K, committed 2368K, reserved 1048576K
}
Event: 4.685 GC heap after
{Heap after GC invocations=10 (full 0):
 garbage-first heap   total reserved 4169728K, committed 315392K, used 179200K [0x0000000701800000, 0x0000000800000000)
  region size 2048K, 7 young (14336K), 7 survivors (14336K)
 Metaspace       used 19629K, committed 19904K, reserved 1114112K
  class space    used 2241K, committed 2368K, reserved 1048576K
}
Event: 4.691 GC heap before
{Heap before GC invocations=10 (full 0):
 garbage-first heap   total reserved 4169728K, committed 315392K, used 181248K [0x0000000701800000, 0x0000000800000000)
  region size 2048K, 8 young (16384K), 7 survivors (14336K)
 Metaspace       used 19629K, committed 19904K, reserved 1114112K
  class space    used 2241K, committed 2368K, reserved 1048576K
}
Event: 4.724 GC heap after
{Heap after GC invocations=11 (full 0):
 garbage-first heap   total reserved 4169728K, committed 946176K, used 182943K [0x0000000701800000, 0x0000000800000000)
  region size 2048K, 1 young (2048K), 1 survivors (2048K)
 Metaspace       used 19629K, committed 19904K, reserved 1114112K
  class space    used 2241K, committed 2368K, reserved 1048576K
}
Event: 5.127 GC heap before
{Heap before GC invocations=12 (full 0):
 garbage-first heap   total reserved 4169728K, committed 614400K, used 273055K [0x0000000701800000, 0x0000000800000000)
  region size 2048K, 45 young (92160K), 1 survivors (2048K)
 Metaspace       used 19630K, committed 19904K, reserved 1114112K
  class space    used 2241K, committed 2368K, reserved 1048576K
}
Event: 5.168 GC heap after
{Heap after GC invocations=13 (full 0):
 garbage-first heap   total reserved 4169728K, committed 614400K, used 240640K [0x0000000701800000, 0x0000000800000000)
  region size 2048K, 6 young (12288K), 6 survivors (12288K)
 Metaspace       used 19630K, committed 19904K, reserved 1114112K
  class space    used 2241K, committed 2368K, reserved 1048576K
}
Event: 5.225 GC heap before
{Heap before GC invocations=13 (full 0):
 garbage-first heap   total reserved 4169728K, committed 614400K, used 269312K [0x0000000701800000, 0x0000000800000000)
  region size 2048K, 20 young (40960K), 6 survivors (12288K)
 Metaspace       used 19630K, committed 19904K, reserved 1114112K
  class space    used 2241K, committed 2368K, reserved 1048576K
}
Event: 5.256 GC heap after
{Heap after GC invocations=14 (full 0):
 garbage-first heap   total reserved 4169728K, committed 614400K, used 249856K [0x0000000701800000, 0x0000000800000000)
  region size 2048K, 3 young (6144K), 3 survivors (6144K)
 Metaspace       used 19630K, committed 19904K, reserved 1114112K
  class space    used 2241K, committed 2368K, reserved 1048576K
}
Event: 5.325 GC heap before
{Heap before GC invocations=14 (full 0):
 garbage-first heap   total reserved 4169728K, committed 614400K, used 290816K [0x0000000701800000, 0x0000000800000000)
  region size 2048K, 23 young (47104K), 3 survivors (6144K)
 Metaspace       used 19630K, committed 19904K, reserved 1114112K
  class space    used 2241K, committed 2368K, reserved 1048576K
}
Event: 5.355 GC heap after
{Heap after GC invocations=15 (full 0):
 garbage-first heap   total reserved 4169728K, committed 614400K, used 262144K [0x0000000701800000, 0x0000000800000000)
  region size 2048K, 3 young (6144K), 3 survivors (6144K)
 Metaspace       used 19630K, committed 19904K, reserved 1114112K
  class space    used 2241K, committed 2368K, reserved 1048576K
}
Event: 5.422 GC heap before
{Heap before GC invocations=15 (full 0):
 garbage-first heap   total reserved 4169728K, committed 614400K, used 301056K [0x0000000701800000, 0x0000000800000000)
  region size 2048K, 22 young (45056K), 3 survivors (6144K)
 Metaspace       used 19630K, committed 19904K, reserved 1114112K
  class space    used 2241K, committed 2368K, reserved 1048576K
}
Event: 5.449 GC heap after
{Heap after GC invocations=16 (full 0):
 garbage-first heap   total reserved 4169728K, committed 614400K, used 274128K [0x0000000701800000, 0x0000000800000000)
  region size 2048K, 3 young (6144K), 3 survivors (6144K)
 Metaspace       used 19630K, committed 19904K, reserved 1114112K
  class space    used 2241K, committed 2368K, reserved 1048576K
}
Event: 6.487 GC heap before
{Heap before GC invocations=16 (full 0):
 garbage-first heap   total reserved 4169728K, committed 614400K, used 356048K [0x0000000701800000, 0x0000000800000000)
  region size 2048K, 43 young (88064K), 3 survivors (6144K)
 Metaspace       used 27903K, committed 28224K, reserved 1114112K
  class space    used 3219K, committed 3392K, reserved 1048576K
}

