<?xml version="1.0" encoding="UTF-8"?>
<!-- Generated by org.testng.reporters.JUnitXMLReporter -->
<testsuite ignored="1" hostname="DESKTOP-QRJIP05" failures="0" tests="3" name="Default test" time="183.89" errors="0" timestamp="2025-07-01T16:16:07 IST">
  <testcase classname="sctevt_runner_Execution.SctevtExceution" name="ScTEandVT2" time="117.012"/>
  <testcase classname="sctevt_runner_Execution.SctevtExceution" name="ScTEandVT2" time="0.004"/>
  <testcase classname="sctevt_runner_Execution.SctevtExceution" name="ScTEandVT2" time="62.829"/>
  <testcase classname="sctevt_runner_Execution.SctevtExceution" name="ScTEandVT" time="0.0">
    <ignored/>
  </testcase> <!-- ScTEandVT -->
</testsuite> <!-- Default test -->
