<?xml version="1.0" encoding="UTF-8"?>
<testng-results ignored="3" total="4" passed="1" failed="0" skipped="0">
  <reporter-output>
  </reporter-output>
  <suite started-at="2025-07-31T10:26:06 IST" name="Default suite" finished-at="2025-07-31T10:27:37 IST" duration-ms="90882">
    <groups>
    </groups>
    <test started-at="2025-07-31T10:26:06 IST" name="Default test" finished-at="2025-07-31T10:27:37 IST" duration-ms="90882">
      <class name="knr_runner_Execution.Knr_runner_Execution_Copy">
        <test-method is-config="true" signature="beforeSuite()[pri:0, instance:knr_runner_Execution.Knr_runner_Execution_Copy@536dbea0]" started-at="2025-07-31T10:26:06 IST" name="beforeSuite" finished-at="2025-07-31T10:26:06 IST" duration-ms="337" status="PASS">
          <reporter-output>
          </reporter-output>
        </test-method> <!-- beforeSuite -->
        <test-method is-config="true" signature="beforeTest()[pri:0, instance:knr_runner_Execution.Knr_runner_Execution_Copy@536dbea0]" started-at="2025-07-31T10:26:06 IST" name="beforeTest" finished-at="2025-07-31T10:26:06 IST" duration-ms="2" status="PASS">
          <reporter-output>
          </reporter-output>
        </test-method> <!-- beforeTest -->
        <test-method is-config="true" signature="beforeClass()[pri:0, instance:knr_runner_Execution.Knr_runner_Execution_Copy@536dbea0]" started-at="2025-07-31T10:26:06 IST" name="beforeClass" finished-at="2025-07-31T10:26:06 IST" duration-ms="0" status="PASS">
          <reporter-output>
          </reporter-output>
        </test-method> <!-- beforeClass -->
        <test-method is-config="true" signature="beforeMethod()[pri:0, instance:knr_runner_Execution.Knr_runner_Execution_Copy@536dbea0]" started-at="2025-07-31T10:26:10 IST" name="beforeMethod" finished-at="2025-07-31T10:26:10 IST" duration-ms="1" status="PASS">
          <reporter-output>
          </reporter-output>
        </test-method> <!-- beforeMethod -->
        <test-method signature="testCase6(java.lang.String,dataProcessing.KnrRCReadExcelFiles$StudentInfo,java.lang.String)[pri:5, instance:knr_runner_Execution.Knr_runner_Execution_Copy@536dbea0]" started-at="2025-07-31T10:26:10 IST" name="testCase6" data-provider="KNR_RC" finished-at="2025-07-31T10:27:36 IST" duration-ms="86309" status="PASS">
          <params>
            <param index="0">
              <value>
                <![CDATA[2309491001]]>
              </value>
            </param>
            <param index="1">
              <value>
                <![CDATA[dataProcessing.KnrRCReadExcelFiles$StudentInfo@3c0036b]]>
              </value>
            </param>
            <param index="2">
              <value>
                <![CDATA[NUTRITION AND DIETETICS]]>
              </value>
            </param>
          </params>
          <reporter-output>
          </reporter-output>
        </test-method> <!-- testCase6 -->
        <test-method is-config="true" signature="afterMethod()[pri:0, instance:knr_runner_Execution.Knr_runner_Execution_Copy@536dbea0]" started-at="2025-07-31T10:27:36 IST" name="afterMethod" finished-at="2025-07-31T10:27:37 IST" duration-ms="393" status="PASS">
          <reporter-output>
          </reporter-output>
        </test-method> <!-- afterMethod -->
        <test-method is-config="true" signature="afterClass()[pri:0, instance:knr_runner_Execution.Knr_runner_Execution_Copy@536dbea0]" started-at="2025-07-31T10:27:37 IST" name="afterClass" finished-at="2025-07-31T10:27:37 IST" duration-ms="1" status="PASS">
          <reporter-output>
          </reporter-output>
        </test-method> <!-- afterClass -->
        <test-method is-config="true" signature="afterTest()[pri:0, instance:knr_runner_Execution.Knr_runner_Execution_Copy@536dbea0]" started-at="2025-07-31T10:27:37 IST" name="afterTest" finished-at="2025-07-31T10:27:37 IST" duration-ms="584" status="PASS">
          <reporter-output>
          </reporter-output>
        </test-method> <!-- afterTest -->
        <test-method is-config="true" signature="afterSuite(org.testng.ITestContext)[pri:0, instance:knr_runner_Execution.Knr_runner_Execution_Copy@536dbea0]" started-at="2025-07-31T10:27:37 IST" name="afterSuite" finished-at="2025-07-31T10:27:37 IST" duration-ms="2" status="FAIL">
          <params>
            <param index="0">
              <value>
                <![CDATA[org.testng.TestRunner@1d1c37d5]]>
              </value>
            </param>
          </params>
          <exception class="java.lang.NullPointerException">
            <message>
              <![CDATA[Cannot invoke "String.replace(java.lang.CharSequence, java.lang.CharSequence)" because the return value of "java.util.Properties.getProperty(String)" is null]]>
            </message>
            <full-stacktrace>
              <![CDATA[java.lang.NullPointerException: Cannot invoke "String.replace(java.lang.CharSequence, java.lang.CharSequence)" because the return value of "java.util.Properties.getProperty(String)" is null
at knr_runner_Execution.Knr_runner_Execution_Copy.afterSuite(Knr_runner_Execution_Copy.java:483)
at java.base/jdk.internal.reflect.DirectMethodHandleAccessor.invoke(DirectMethodHandleAccessor.java:103)
at java.base/java.lang.reflect.Method.invoke(Method.java:580)
at org.testng.internal.MethodInvocationHelper.invokeMethod(MethodInvocationHelper.java:133)
at org.testng.internal.MethodInvocationHelper.invokeMethodConsideringTimeout(MethodInvocationHelper.java:62)
at org.testng.internal.ConfigInvoker.invokeConfigurationMethod(ConfigInvoker.java:385)
at org.testng.internal.ConfigInvoker.invokeConfigurations(ConfigInvoker.java:321)
at org.testng.SuiteRunner.privateRun(SuiteRunner.java:344)
at org.testng.SuiteRunner.run(SuiteRunner.java:276)
at org.testng.SuiteRunnerWorker.runSuite(SuiteRunnerWorker.java:53)
at org.testng.SuiteRunnerWorker.run(SuiteRunnerWorker.java:96)
at org.testng.TestNG.runSuitesSequentially(TestNG.java:1212)
at org.testng.TestNG.runSuitesLocally(TestNG.java:1134)
at org.testng.TestNG.runSuites(TestNG.java:1063)
at org.testng.TestNG.run(TestNG.java:1031)
at org.testng.remote.AbstractRemoteTestNG.run(AbstractRemoteTestNG.java:115)
at org.testng.remote.RemoteTestNG.initAndRun(RemoteTestNG.java:293)
at org.testng.remote.RemoteTestNG.main(RemoteTestNG.java:91)
]]>
            </full-stacktrace>
          </exception> <!-- java.lang.NullPointerException -->
          <reporter-output>
          </reporter-output>
        </test-method> <!-- afterSuite -->
      </class> <!-- knr_runner_Execution.Knr_runner_Execution_Copy -->
    </test> <!-- Default test -->
  </suite> <!-- Default suite -->
</testng-results>
