<?xml version="1.0" encoding="UTF-8"?>
<testng-results ignored="0" total="1" passed="1" failed="0" skipped="0">
  <reporter-output>
  </reporter-output>
  <suite started-at="2025-06-24T17:23:17 IST" name="Default suite" finished-at="2025-06-24T17:23:26 IST" duration-ms="9192">
    <groups>
    </groups>
    <test started-at="2025-06-24T17:23:17 IST" name="Default test" finished-at="2025-06-24T17:23:26 IST" duration-ms="9192">
      <class name="gita_runner_Execution.gitaExecution">
        <test-method is-config="true" signature="beforeSuite()[pri:0, instance:gita_runner_Execution.gitaExecution@36ebc363]" started-at="2025-06-24T17:23:17 IST" name="beforeSuite" finished-at="2025-06-24T17:23:17 IST" duration-ms="279" status="PASS">
          <reporter-output>
          </reporter-output>
        </test-method> <!-- beforeSuite -->
        <test-method is-config="true" signature="beforeTest()[pri:0, instance:gita_runner_Execution.gitaExecution@36ebc363]" started-at="2025-06-24T17:23:17 IST" name="beforeTest" finished-at="2025-06-24T17:23:17 IST" duration-ms="2" status="PASS">
          <reporter-output>
          </reporter-output>
        </test-method> <!-- beforeTest -->
        <test-method is-config="true" signature="beforeClass()[pri:0, instance:gita_runner_Execution.gitaExecution@36ebc363]" started-at="2025-06-24T17:23:17 IST" name="beforeClass" finished-at="2025-06-24T17:23:17 IST" duration-ms="2" status="PASS">
          <reporter-output>
          </reporter-output>
        </test-method> <!-- beforeClass -->
        <test-method is-config="true" signature="beforeMethod()[pri:0, instance:gita_runner_Execution.gitaExecution@36ebc363]" started-at="2025-06-24T17:23:17 IST" name="beforeMethod" finished-at="2025-06-24T17:23:17 IST" duration-ms="0" status="PASS">
          <reporter-output>
          </reporter-output>
        </test-method> <!-- beforeMethod -->
        <test-method signature="testCase1()[pri:1, instance:gita_runner_Execution.gitaExecution@36ebc363]" started-at="2025-06-24T17:23:17 IST" name="testCase1" description="GITA" finished-at="2025-06-24T17:23:25 IST" duration-ms="8233" status="PASS">
          <reporter-output>
          </reporter-output>
        </test-method> <!-- testCase1 -->
        <test-method is-config="true" signature="afterMethod()[pri:0, instance:gita_runner_Execution.gitaExecution@36ebc363]" started-at="2025-06-24T17:23:25 IST" name="afterMethod" finished-at="2025-06-24T17:23:26 IST" duration-ms="352" status="PASS">
          <reporter-output>
          </reporter-output>
        </test-method> <!-- afterMethod -->
        <test-method is-config="true" signature="afterClass()[pri:0, instance:gita_runner_Execution.gitaExecution@36ebc363]" started-at="2025-06-24T17:23:26 IST" name="afterClass" finished-at="2025-06-24T17:23:26 IST" duration-ms="0" status="PASS">
          <reporter-output>
          </reporter-output>
        </test-method> <!-- afterClass -->
        <test-method is-config="true" signature="afterTest()[pri:0, instance:gita_runner_Execution.gitaExecution@36ebc363]" started-at="2025-06-24T17:23:26 IST" name="afterTest" finished-at="2025-06-24T17:23:26 IST" duration-ms="559" status="PASS">
          <reporter-output>
          </reporter-output>
        </test-method> <!-- afterTest -->
        <test-method is-config="true" signature="afterSuite(org.testng.ITestContext)[pri:0, instance:gita_runner_Execution.gitaExecution@36ebc363]" started-at="2025-06-24T17:23:26 IST" name="afterSuite" finished-at="2025-06-24T17:23:26 IST" duration-ms="4" status="FAIL">
          <params>
            <param index="0">
              <value>
                <![CDATA[org.testng.TestRunner@77eb5790]]>
              </value>
            </param>
          </params>
          <exception class="java.lang.NullPointerException">
            <message>
              <![CDATA[Cannot invoke "String.replace(java.lang.CharSequence, java.lang.CharSequence)" because the return value of "java.util.Properties.getProperty(String)" is null]]>
            </message>
            <full-stacktrace>
              <![CDATA[java.lang.NullPointerException: Cannot invoke "String.replace(java.lang.CharSequence, java.lang.CharSequence)" because the return value of "java.util.Properties.getProperty(String)" is null
at gita_runner_Execution.gitaExecution.afterSuite(gitaExecution.java:198)
at java.base/jdk.internal.reflect.DirectMethodHandleAccessor.invoke(DirectMethodHandleAccessor.java:103)
at java.base/java.lang.reflect.Method.invoke(Method.java:580)
at org.testng.internal.MethodInvocationHelper.invokeMethod(MethodInvocationHelper.java:133)
at org.testng.internal.MethodInvocationHelper.invokeMethodConsideringTimeout(MethodInvocationHelper.java:62)
at org.testng.internal.ConfigInvoker.invokeConfigurationMethod(ConfigInvoker.java:385)
at org.testng.internal.ConfigInvoker.invokeConfigurations(ConfigInvoker.java:321)
at org.testng.SuiteRunner.privateRun(SuiteRunner.java:344)
at org.testng.SuiteRunner.run(SuiteRunner.java:276)
at org.testng.SuiteRunnerWorker.runSuite(SuiteRunnerWorker.java:53)
at org.testng.SuiteRunnerWorker.run(SuiteRunnerWorker.java:96)
at org.testng.TestNG.runSuitesSequentially(TestNG.java:1212)
at org.testng.TestNG.runSuitesLocally(TestNG.java:1134)
at org.testng.TestNG.runSuites(TestNG.java:1063)
at org.testng.TestNG.run(TestNG.java:1031)
at org.testng.remote.AbstractRemoteTestNG.run(AbstractRemoteTestNG.java:115)
at org.testng.remote.RemoteTestNG.initAndRun(RemoteTestNG.java:293)
at org.testng.remote.RemoteTestNG.main(RemoteTestNG.java:91)
]]>
            </full-stacktrace>
          </exception> <!-- java.lang.NullPointerException -->
          <reporter-output>
          </reporter-output>
        </test-method> <!-- afterSuite -->
      </class> <!-- gita_runner_Execution.gitaExecution -->
    </test> <!-- Default test -->
  </suite> <!-- Default suite -->
</testng-results>
